----------------------------------------------------------------
Mon Nov 12 00:23:47 CET 2012:
Booting Derby version The Apache Software Foundation - Apache Derby - 10.9.1.0 - (1344872): instance a816c00e-013a-f1c9-38cc-00000e362a00 
on database directory memory:D:\Develop\vozovna-001-ejb2\dataSource  with class loader sun.misc.Launcher$AppClassLoader@1b845568 
Loaded from file:/C:/Users/jostri.WEBCOMCZ/.m2/repository/org/apache/derby/derby/10.9.1.0/derby-10.9.1.0.jar
java.vendor=Oracle Corporation
java.runtime.version=1.7.0_07-b11
user.dir=D:\Develop\vozovna-001-ejb2
derby.system.home=null
derby.stream.error.method=org.springframework.jdbc.datasource.embedded.OutputStreamFactory.getNoopOutputStream
Database Class Loader started - derby.database.classpath=''
----------------------------------------------------------------
Mon Nov 12 00:23:49 CET 2012:
Shutting down instance a816c00e-013a-f1c9-38cc-00000e362a00 on database directory memory:D:\Develop\vozovna-001-ejb2\dataSource with class loader sun.misc.Launcher$AppClassLoader@1b845568 
----------------------------------------------------------------
Mon Nov 12 00:23:50 CET 2012:
Booting Derby version The Apache Software Foundation - Apache Derby - 10.9.1.0 - (1344872): instance 39f30159-013a-f1c9-38cc-00000e362a00 
on database directory memory:D:\Develop\vozovna-001-ejb2\dataSource  with class loader sun.misc.Launcher$AppClassLoader@1b845568 
Loaded from file:/C:/Users/jostri.WEBCOMCZ/.m2/repository/org/apache/derby/derby/10.9.1.0/derby-10.9.1.0.jar
java.vendor=Oracle Corporation
java.runtime.version=1.7.0_07-b11
user.dir=D:\Develop\vozovna-001-ejb2
derby.system.home=null
derby.stream.error.method=org.springframework.jdbc.datasource.embedded.OutputStreamFactory.getNoopOutputStream
Database Class Loader started - derby.database.classpath=''
Mon Nov 12 00:23:57 CET 2012 Thread[Thread-6,5,main] Cleanup action starting
java.sql.SQLException: Database 'memory:dataSource' not found.
	at org.apache.derby.impl.jdbc.SQLExceptionFactory40.getSQLException(Unknown Source)
	at org.apache.derby.impl.jdbc.Util.newEmbedSQLException(Unknown Source)
	at org.apache.derby.impl.jdbc.Util.newEmbedSQLException(Unknown Source)
	at org.apache.derby.impl.jdbc.Util.generateCsSQLException(Unknown Source)
	at org.apache.derby.impl.jdbc.EmbedConnection.newSQLException(Unknown Source)
	at org.apache.derby.impl.jdbc.EmbedConnection.handleDBNotFound(Unknown Source)
	at org.apache.derby.impl.jdbc.EmbedConnection.<init>(Unknown Source)
	at org.apache.derby.impl.jdbc.EmbedConnection30.<init>(Unknown Source)
	at org.apache.derby.impl.jdbc.EmbedConnection40.<init>(Unknown Source)
	at org.apache.derby.jdbc.Driver40.getNewEmbedConnection(Unknown Source)
	at org.apache.derby.jdbc.InternalDriver.connect(Unknown Source)
	at org.apache.derby.jdbc.EmbeddedDriver.connect(Unknown Source)
	at org.springframework.jdbc.datasource.embedded.DerbyEmbeddedDatabaseConfigurer.shutdown(DerbyEmbeddedDatabaseConfigurer.java:81)
	at org.springframework.jdbc.datasource.embedded.EmbeddedDatabaseFactory.shutdownDatabase(EmbeddedDatabaseFactory.java:152)
	at org.springframework.jdbc.datasource.embedded.EmbeddedDatabaseFactoryBean.destroy(EmbeddedDatabaseFactoryBean.java:65)
	at org.springframework.beans.factory.support.DisposableBeanAdapter.destroy(DisposableBeanAdapter.java:211)
	at org.springframework.beans.factory.support.DefaultSingletonBeanRegistry.destroyBean(DefaultSingletonBeanRegistry.java:498)
	at org.springframework.beans.factory.support.DefaultSingletonBeanRegistry.destroySingleton(DefaultSingletonBeanRegistry.java:474)
	at org.springframework.beans.factory.support.DefaultSingletonBeanRegistry.destroySingletons(DefaultSingletonBeanRegistry.java:442)
	at org.springframework.context.support.AbstractApplicationContext.destroyBeans(AbstractApplicationContext.java:1071)
	at org.springframework.context.support.AbstractApplicationContext.doClose(AbstractApplicationContext.java:1045)
	at org.springframework.context.support.AbstractApplicationContext$1.run(AbstractApplicationContext.java:963)
Caused by: java.sql.SQLException: Database 'memory:dataSource' not found.
	at org.apache.derby.impl.jdbc.SQLExceptionFactory.getSQLException(Unknown Source)
	at org.apache.derby.impl.jdbc.SQLExceptionFactory40.wrapArgsForTransportAcrossDRDA(Unknown Source)
	... 22 more
============= begin nested exception, level (1) ===========
java.sql.SQLException: Database 'memory:dataSource' not found.
	at org.apache.derby.impl.jdbc.SQLExceptionFactory.getSQLException(Unknown Source)
	at org.apache.derby.impl.jdbc.SQLExceptionFactory40.wrapArgsForTransportAcrossDRDA(Unknown Source)
	at org.apache.derby.impl.jdbc.SQLExceptionFactory40.getSQLException(Unknown Source)
	at org.apache.derby.impl.jdbc.Util.newEmbedSQLException(Unknown Source)
	at org.apache.derby.impl.jdbc.Util.newEmbedSQLException(Unknown Source)
	at org.apache.derby.impl.jdbc.Util.generateCsSQLException(Unknown Source)
	at org.apache.derby.impl.jdbc.EmbedConnection.newSQLException(Unknown Source)
	at org.apache.derby.impl.jdbc.EmbedConnection.handleDBNotFound(Unknown Source)
	at org.apache.derby.impl.jdbc.EmbedConnection.<init>(Unknown Source)
	at org.apache.derby.impl.jdbc.EmbedConnection30.<init>(Unknown Source)
	at org.apache.derby.impl.jdbc.EmbedConnection40.<init>(Unknown Source)
	at org.apache.derby.jdbc.Driver40.getNewEmbedConnection(Unknown Source)
	at org.apache.derby.jdbc.InternalDriver.connect(Unknown Source)
	at org.apache.derby.jdbc.EmbeddedDriver.connect(Unknown Source)
	at org.springframework.jdbc.datasource.embedded.DerbyEmbeddedDatabaseConfigurer.shutdown(DerbyEmbeddedDatabaseConfigurer.java:81)
	at org.springframework.jdbc.datasource.embedded.EmbeddedDatabaseFactory.shutdownDatabase(EmbeddedDatabaseFactory.java:152)
	at org.springframework.jdbc.datasource.embedded.EmbeddedDatabaseFactoryBean.destroy(EmbeddedDatabaseFactoryBean.java:65)
	at org.springframework.beans.factory.support.DisposableBeanAdapter.destroy(DisposableBeanAdapter.java:211)
	at org.springframework.beans.factory.support.DefaultSingletonBeanRegistry.destroyBean(DefaultSingletonBeanRegistry.java:498)
	at org.springframework.beans.factory.support.DefaultSingletonBeanRegistry.destroySingleton(DefaultSingletonBeanRegistry.java:474)
	at org.springframework.beans.factory.support.DefaultSingletonBeanRegistry.destroySingletons(DefaultSingletonBeanRegistry.java:442)
	at org.springframework.context.support.AbstractApplicationContext.destroyBeans(AbstractApplicationContext.java:1071)
	at org.springframework.context.support.AbstractApplicationContext.doClose(AbstractApplicationContext.java:1045)
	at org.springframework.context.support.AbstractApplicationContext$1.run(AbstractApplicationContext.java:963)
============= end nested exception, level (1) ===========
Mon Nov 12 00:23:57 CET 2012 Thread[Thread-3,5,main] Cleanup action starting
java.sql.SQLException: Database 'memory:dataSource' not found.
	at org.apache.derby.impl.jdbc.SQLExceptionFactory40.getSQLException(Unknown Source)
	at org.apache.derby.impl.jdbc.Util.newEmbedSQLException(Unknown Source)
	at org.apache.derby.impl.jdbc.Util.newEmbedSQLException(Unknown Source)
	at org.apache.derby.impl.jdbc.Util.generateCsSQLException(Unknown Source)
	at org.apache.derby.impl.jdbc.EmbedConnection.newSQLException(Unknown Source)
	at org.apache.derby.impl.jdbc.EmbedConnection.handleDBNotFound(Unknown Source)
	at org.apache.derby.impl.jdbc.EmbedConnection.<init>(Unknown Source)
	at org.apache.derby.impl.jdbc.EmbedConnection30.<init>(Unknown Source)
	at org.apache.derby.impl.jdbc.EmbedConnection40.<init>(Unknown Source)
	at org.apache.derby.jdbc.Driver40.getNewEmbedConnection(Unknown Source)
	at org.apache.derby.jdbc.InternalDriver.connect(Unknown Source)
	at org.apache.derby.jdbc.EmbeddedDriver.connect(Unknown Source)
	at org.springframework.jdbc.datasource.embedded.DerbyEmbeddedDatabaseConfigurer.shutdown(DerbyEmbeddedDatabaseConfigurer.java:81)
	at org.springframework.jdbc.datasource.embedded.EmbeddedDatabaseFactory.shutdownDatabase(EmbeddedDatabaseFactory.java:152)
	at org.springframework.jdbc.datasource.embedded.EmbeddedDatabaseFactoryBean.destroy(EmbeddedDatabaseFactoryBean.java:65)
	at org.springframework.beans.factory.support.DisposableBeanAdapter.destroy(DisposableBeanAdapter.java:211)
	at org.springframework.beans.factory.support.DefaultSingletonBeanRegistry.destroyBean(DefaultSingletonBeanRegistry.java:498)
	at org.springframework.beans.factory.support.DefaultSingletonBeanRegistry.destroySingleton(DefaultSingletonBeanRegistry.java:474)
	at org.springframework.beans.factory.support.DefaultSingletonBeanRegistry.destroySingletons(DefaultSingletonBeanRegistry.java:442)
	at org.springframework.context.support.AbstractApplicationContext.destroyBeans(AbstractApplicationContext.java:1071)
	at org.springframework.context.support.AbstractApplicationContext.doClose(AbstractApplicationContext.java:1045)
	at org.springframework.context.support.AbstractApplicationContext$1.run(AbstractApplicationContext.java:963)
Caused by: java.sql.SQLException: Database 'memory:dataSource' not found.
	at org.apache.derby.impl.jdbc.SQLExceptionFactory.getSQLException(Unknown Source)
	at org.apache.derby.impl.jdbc.SQLExceptionFactory40.wrapArgsForTransportAcrossDRDA(Unknown Source)
	... 22 more
============= begin nested exception, level (1) ===========
java.sql.SQLException: Database 'memory:dataSource' not found.
	at org.apache.derby.impl.jdbc.SQLExceptionFactory.getSQLException(Unknown Source)
	at org.apache.derby.impl.jdbc.SQLExceptionFactory40.wrapArgsForTransportAcrossDRDA(Unknown Source)
	at org.apache.derby.impl.jdbc.SQLExceptionFactory40.getSQLException(Unknown Source)
	at org.apache.derby.impl.jdbc.Util.newEmbedSQLException(Unknown Source)
	at org.apache.derby.impl.jdbc.Util.newEmbedSQLException(Unknown Source)
	at org.apache.derby.impl.jdbc.Util.generateCsSQLException(Unknown Source)
	at org.apache.derby.impl.jdbc.EmbedConnection.newSQLException(Unknown Source)
	at org.apache.derby.impl.jdbc.EmbedConnection.handleDBNotFound(Unknown Source)
	at org.apache.derby.impl.jdbc.EmbedConnection.<init>(Unknown Source)
	at org.apache.derby.impl.jdbc.EmbedConnection30.<init>(Unknown Source)
	at org.apache.derby.impl.jdbc.EmbedConnection40.<init>(Unknown Source)
	at org.apache.derby.jdbc.Driver40.getNewEmbedConnection(Unknown Source)
	at org.apache.derby.jdbc.InternalDriver.connect(Unknown Source)
	at org.apache.derby.jdbc.EmbeddedDriver.connect(Unknown Source)
	at org.springframework.jdbc.datasource.embedded.DerbyEmbeddedDatabaseConfigurer.shutdown(DerbyEmbeddedDatabaseConfigurer.java:81)
	at org.springframework.jdbc.datasource.embedded.EmbeddedDatabaseFactory.shutdownDatabase(EmbeddedDatabaseFactory.java:152)
	at org.springframework.jdbc.datasource.embedded.EmbeddedDatabaseFactoryBean.destroy(EmbeddedDatabaseFactoryBean.java:65)
	at org.springframework.beans.factory.support.DisposableBeanAdapter.destroy(DisposableBeanAdapter.java:211)
	at org.springframework.beans.factory.support.DefaultSingletonBeanRegistry.destroyBean(DefaultSingletonBeanRegistry.java:498)
	at org.springframework.beans.factory.support.DefaultSingletonBeanRegistry.destroySingleton(DefaultSingletonBeanRegistry.java:474)
	at org.springframework.beans.factory.support.DefaultSingletonBeanRegistry.destroySingletons(DefaultSingletonBeanRegistry.java:442)
	at org.springframework.context.support.AbstractApplicationContext.destroyBeans(AbstractApplicationContext.java:1071)
	at org.springframework.context.support.AbstractApplicationContext.doClose(AbstractApplicationContext.java:1045)
	at org.springframework.context.support.AbstractApplicationContext$1.run(AbstractApplicationContext.java:963)
============= end nested exception, level (1) ===========
Cleanup action completed
Cleanup action completed
